[2024-05-19 06:59:33] local.ERROR: SQLSTATE[HY000] [2002] Connection refused (Connection: mysql, SQL: select table_name as `name`, (data_length + index_length) as `size`, table_comment as `comment`, engine as `engine`, table_collation as `collation` from information_schema.tables where table_schema = 'laravel' and table_type in ('BASE TABLE', 'SYSTEM VERSIONED') order by table_name) {"exception":"[object] (Illuminate\\Database\\QueryException(code: 2002): SQLSTATE[HY000] [2002] Connection refused (Connection: mysql, SQL: select table_name as `name`, (data_length + index_length) as `size`, table_comment as `comment`, engine as `engine`, table_collation as `collation` from information_schema.tables where table_schema = 'laravel' and table_type in ('BASE TABLE', 'SYSTEM VERSIONED') order by table_name) at /var/www/laravel01/laravel10project/vendor/laravel/framework/src/Illuminate/Database/Connection.php:813)
[stacktrace]
#0 /var/www/laravel01/laravel10project/vendor/laravel/framework/src/Illuminate/Database/Connection.php(967): Illuminate\\Database\\Connection->runQueryCallback()
#1 /var/www/laravel01/laravel10project/vendor/laravel/framework/src/Illuminate/Database/Connection.php(946): Illuminate\\Database\\Connection->tryAgainIfCausedByLostConnection()
#2 /var/www/laravel01/laravel10project/vendor/laravel/framework/src/Illuminate/Database/Connection.php(769): Illuminate\\Database\\Connection->handleQueryException()
#3 /var/www/laravel01/laravel10project/vendor/laravel/framework/src/Illuminate/Database/Connection.php(398): Illuminate\\Database\\Connection->run()
#4 /var/www/laravel01/laravel10project/vendor/laravel/framework/src/Illuminate/Database/Connection.php(385): Illuminate\\Database\\Connection->select()
#5 /var/www/laravel01/laravel10project/vendor/laravel/framework/src/Illuminate/Database/Schema/MySqlBuilder.php(41): Illuminate\\Database\\Connection->selectFromWriteConnection()
#6 /var/www/laravel01/laravel10project/vendor/laravel/framework/src/Illuminate/Database/Schema/Builder.php(147): Illuminate\\Database\\Schema\\MySqlBuilder->getTables()
#7 /var/www/laravel01/laravel10project/vendor/laravel/framework/src/Illuminate/Database/Migrations/DatabaseMigrationRepository.php(184): Illuminate\\Database\\Schema\\Builder->hasTable()
#8 /var/www/laravel01/laravel10project/vendor/laravel/framework/src/Illuminate/Database/Migrations/Migrator.php(689): Illuminate\\Database\\Migrations\\DatabaseMigrationRepository->repositoryExists()
#9 /var/www/laravel01/laravel10project/vendor/laravel/framework/src/Illuminate/Database/Console/Migrations/MigrateCommand.php(164): Illuminate\\Database\\Migrations\\Migrator->repositoryExists()
#10 /var/www/laravel01/laravel10project/vendor/laravel/framework/src/Illuminate/Support/helpers.php(304): Illuminate\\Database\\Console\\Migrations\\MigrateCommand->Illuminate\\Database\\Console\\Migrations\\{closure}()
#11 /var/www/laravel01/laravel10project/vendor/laravel/framework/src/Illuminate/Database/Console/Migrations/MigrateCommand.php(164): retry()
#12 /var/www/laravel01/laravel10project/vendor/laravel/framework/src/Illuminate/Database/Console/Migrations/MigrateCommand.php(140): Illuminate\\Database\\Console\\Migrations\\MigrateCommand->repositoryExists()
#13 /var/www/laravel01/laravel10project/vendor/laravel/framework/src/Illuminate/Database/Console/Migrations/MigrateCommand.php(110): Illuminate\\Database\\Console\\Migrations\\MigrateCommand->prepareDatabase()
#14 /var/www/laravel01/laravel10project/vendor/laravel/framework/src/Illuminate/Database/Migrations/Migrator.php(622): Illuminate\\Database\\Console\\Migrations\\MigrateCommand->Illuminate\\Database\\Console\\Migrations\\{closure}()
#15 /var/www/laravel01/laravel10project/vendor/laravel/framework/src/Illuminate/Database/Console/Migrations/MigrateCommand.php(109): Illuminate\\Database\\Migrations\\Migrator->usingConnection()
#16 /var/www/laravel01/laravel10project/vendor/laravel/framework/src/Illuminate/Database/Console/Migrations/MigrateCommand.php(88): Illuminate\\Database\\Console\\Migrations\\MigrateCommand->runMigrations()
#17 /var/www/laravel01/laravel10project/vendor/laravel/framework/src/Illuminate/Container/BoundMethod.php(36): Illuminate\\Database\\Console\\Migrations\\MigrateCommand->handle()
#18 /var/www/laravel01/laravel10project/vendor/laravel/framework/src/Illuminate/Container/Util.php(41): Illuminate\\Container\\BoundMethod::Illuminate\\Container\\{closure}()
#19 /var/www/laravel01/laravel10project/vendor/laravel/framework/src/Illuminate/Container/BoundMethod.php(93): Illuminate\\Container\\Util::unwrapIfClosure()
#20 /var/www/laravel01/laravel10project/vendor/laravel/framework/src/Illuminate/Container/BoundMethod.php(35): Illuminate\\Container\\BoundMethod::callBoundMethod()
#21 /var/www/laravel01/laravel10project/vendor/laravel/framework/src/Illuminate/Container/Container.php(662): Illuminate\\Container\\BoundMethod::call()
#22 /var/www/laravel01/laravel10project/vendor/laravel/framework/src/Illuminate/Console/Command.php(212): Illuminate\\Container\\Container->call()
#23 /var/www/laravel01/laravel10project/vendor/symfony/console/Command/Command.php(279): Illuminate\\Console\\Command->execute()
#24 /var/www/laravel01/laravel10project/vendor/laravel/framework/src/Illuminate/Console/Command.php(181): Symfony\\Component\\Console\\Command\\Command->run()
#25 /var/www/laravel01/laravel10project/vendor/symfony/console/Application.php(1049): Illuminate\\Console\\Command->run()
#26 /var/www/laravel01/laravel10project/vendor/symfony/console/Application.php(318): Symfony\\Component\\Console\\Application->doRunCommand()
#27 /var/www/laravel01/laravel10project/vendor/symfony/console/Application.php(169): Symfony\\Component\\Console\\Application->doRun()
#28 /var/www/laravel01/laravel10project/vendor/laravel/framework/src/Illuminate/Foundation/Console/Kernel.php(196): Symfony\\Component\\Console\\Application->run()
#29 /var/www/laravel01/laravel10project/vendor/laravel/framework/src/Illuminate/Foundation/Application.php(1187): Illuminate\\Foundation\\Console\\Kernel->handle()
#30 /var/www/laravel01/laravel10project/artisan(13): Illuminate\\Foundation\\Application->handleCommand()
#31 {main}

[previous exception] [object] (PDOException(code: 2002): SQLSTATE[HY000] [2002] Connection refused at /var/www/laravel01/laravel10project/vendor/laravel/framework/src/Illuminate/Database/Connectors/Connector.php:65)
[stacktrace]
#0 /var/www/laravel01/laravel10project/vendor/laravel/framework/src/Illuminate/Database/Connectors/Connector.php(65): PDO->__construct()
#1 /var/www/laravel01/laravel10project/vendor/laravel/framework/src/Illuminate/Database/Connectors/Connector.php(83): Illuminate\\Database\\Connectors\\Connector->createPdoConnection()
#2 /var/www/laravel01/laravel10project/vendor/laravel/framework/src/Illuminate/Database/Connectors/Connector.php(48): Illuminate\\Database\\Connectors\\Connector->tryAgainIfCausedByLostConnection()
#3 /var/www/laravel01/laravel10project/vendor/laravel/framework/src/Illuminate/Database/Connectors/MySqlConnector.php(24): Illuminate\\Database\\Connectors\\Connector->createConnection()
#4 /var/www/laravel01/laravel10project/vendor/laravel/framework/src/Illuminate/Database/Connectors/ConnectionFactory.php(185): Illuminate\\Database\\Connectors\\MySqlConnector->connect()
#5 [internal function]: Illuminate\\Database\\Connectors\\ConnectionFactory->Illuminate\\Database\\Connectors\\{closure}()
#6 /var/www/laravel01/laravel10project/vendor/laravel/framework/src/Illuminate/Database/Connection.php(1219): call_user_func()
#7 /var/www/laravel01/laravel10project/vendor/laravel/framework/src/Illuminate/Database/Connection.php(512): Illuminate\\Database\\Connection->getPdo()
#8 /var/www/laravel01/laravel10project/vendor/laravel/framework/src/Illuminate/Database/Connection.php(407): Illuminate\\Database\\Connection->getPdoForSelect()
#9 /var/www/laravel01/laravel10project/vendor/laravel/framework/src/Illuminate/Database/Connection.php(800): Illuminate\\Database\\Connection->Illuminate\\Database\\{closure}()
#10 /var/www/laravel01/laravel10project/vendor/laravel/framework/src/Illuminate/Database/Connection.php(967): Illuminate\\Database\\Connection->runQueryCallback()
#11 /var/www/laravel01/laravel10project/vendor/laravel/framework/src/Illuminate/Database/Connection.php(946): Illuminate\\Database\\Connection->tryAgainIfCausedByLostConnection()
#12 /var/www/laravel01/laravel10project/vendor/laravel/framework/src/Illuminate/Database/Connection.php(769): Illuminate\\Database\\Connection->handleQueryException()
#13 /var/www/laravel01/laravel10project/vendor/laravel/framework/src/Illuminate/Database/Connection.php(398): Illuminate\\Database\\Connection->run()
#14 /var/www/laravel01/laravel10project/vendor/laravel/framework/src/Illuminate/Database/Connection.php(385): Illuminate\\Database\\Connection->select()
#15 /var/www/laravel01/laravel10project/vendor/laravel/framework/src/Illuminate/Database/Schema/MySqlBuilder.php(41): Illuminate\\Database\\Connection->selectFromWriteConnection()
#16 /var/www/laravel01/laravel10project/vendor/laravel/framework/src/Illuminate/Database/Schema/Builder.php(147): Illuminate\\Database\\Schema\\MySqlBuilder->getTables()
#17 /var/www/laravel01/laravel10project/vendor/laravel/framework/src/Illuminate/Database/Migrations/DatabaseMigrationRepository.php(184): Illuminate\\Database\\Schema\\Builder->hasTable()
#18 /var/www/laravel01/laravel10project/vendor/laravel/framework/src/Illuminate/Database/Migrations/Migrator.php(689): Illuminate\\Database\\Migrations\\DatabaseMigrationRepository->repositoryExists()
#19 /var/www/laravel01/laravel10project/vendor/laravel/framework/src/Illuminate/Database/Console/Migrations/MigrateCommand.php(164): Illuminate\\Database\\Migrations\\Migrator->repositoryExists()
#20 /var/www/laravel01/laravel10project/vendor/laravel/framework/src/Illuminate/Support/helpers.php(304): Illuminate\\Database\\Console\\Migrations\\MigrateCommand->Illuminate\\Database\\Console\\Migrations\\{closure}()
#21 /var/www/laravel01/laravel10project/vendor/laravel/framework/src/Illuminate/Database/Console/Migrations/MigrateCommand.php(164): retry()
#22 /var/www/laravel01/laravel10project/vendor/laravel/framework/src/Illuminate/Database/Console/Migrations/MigrateCommand.php(140): Illuminate\\Database\\Console\\Migrations\\MigrateCommand->repositoryExists()
#23 /var/www/laravel01/laravel10project/vendor/laravel/framework/src/Illuminate/Database/Console/Migrations/MigrateCommand.php(110): Illuminate\\Database\\Console\\Migrations\\MigrateCommand->prepareDatabase()
#24 /var/www/laravel01/laravel10project/vendor/laravel/framework/src/Illuminate/Database/Migrations/Migrator.php(622): Illuminate\\Database\\Console\\Migrations\\MigrateCommand->Illuminate\\Database\\Console\\Migrations\\{closure}()
#25 /var/www/laravel01/laravel10project/vendor/laravel/framework/src/Illuminate/Database/Console/Migrations/MigrateCommand.php(109): Illuminate\\Database\\Migrations\\Migrator->usingConnection()
#26 /var/www/laravel01/laravel10project/vendor/laravel/framework/src/Illuminate/Database/Console/Migrations/MigrateCommand.php(88): Illuminate\\Database\\Console\\Migrations\\MigrateCommand->runMigrations()
#27 /var/www/laravel01/laravel10project/vendor/laravel/framework/src/Illuminate/Container/BoundMethod.php(36): Illuminate\\Database\\Console\\Migrations\\MigrateCommand->handle()
#28 /var/www/laravel01/laravel10project/vendor/laravel/framework/src/Illuminate/Container/Util.php(41): Illuminate\\Container\\BoundMethod::Illuminate\\Container\\{closure}()
#29 /var/www/laravel01/laravel10project/vendor/laravel/framework/src/Illuminate/Container/BoundMethod.php(93): Illuminate\\Container\\Util::unwrapIfClosure()
#30 /var/www/laravel01/laravel10project/vendor/laravel/framework/src/Illuminate/Container/BoundMethod.php(35): Illuminate\\Container\\BoundMethod::callBoundMethod()
#31 /var/www/laravel01/laravel10project/vendor/laravel/framework/src/Illuminate/Container/Container.php(662): Illuminate\\Container\\BoundMethod::call()
#32 /var/www/laravel01/laravel10project/vendor/laravel/framework/src/Illuminate/Console/Command.php(212): Illuminate\\Container\\Container->call()
#33 /var/www/laravel01/laravel10project/vendor/symfony/console/Command/Command.php(279): Illuminate\\Console\\Command->execute()
#34 /var/www/laravel01/laravel10project/vendor/laravel/framework/src/Illuminate/Console/Command.php(181): Symfony\\Component\\Console\\Command\\Command->run()
#35 /var/www/laravel01/laravel10project/vendor/symfony/console/Application.php(1049): Illuminate\\Console\\Command->run()
#36 /var/www/laravel01/laravel10project/vendor/symfony/console/Application.php(318): Symfony\\Component\\Console\\Application->doRunCommand()
#37 /var/www/laravel01/laravel10project/vendor/symfony/console/Application.php(169): Symfony\\Component\\Console\\Application->doRun()
#38 /var/www/laravel01/laravel10project/vendor/laravel/framework/src/Illuminate/Foundation/Console/Kernel.php(196): Symfony\\Component\\Console\\Application->run()
#39 /var/www/laravel01/laravel10project/vendor/laravel/framework/src/Illuminate/Foundation/Application.php(1187): Illuminate\\Foundation\\Console\\Kernel->handle()
#40 /var/www/laravel01/laravel10project/artisan(13): Illuminate\\Foundation\\Application->handleCommand()
#41 {main}
"} 
[2024-05-19 07:07:27] local.ERROR: SQLSTATE[HY000] [2002] Connection refused (Connection: mysql, SQL: select table_name as `name`, (data_length + index_length) as `size`, table_comment as `comment`, engine as `engine`, table_collation as `collation` from information_schema.tables where table_schema = 'laravel' and table_type in ('BASE TABLE', 'SYSTEM VERSIONED') order by table_name) {"exception":"[object] (Illuminate\\Database\\QueryException(code: 2002): SQLSTATE[HY000] [2002] Connection refused (Connection: mysql, SQL: select table_name as `name`, (data_length + index_length) as `size`, table_comment as `comment`, engine as `engine`, table_collation as `collation` from information_schema.tables where table_schema = 'laravel' and table_type in ('BASE TABLE', 'SYSTEM VERSIONED') order by table_name) at /var/www/laravel01/laravel10project/vendor/laravel/framework/src/Illuminate/Database/Connection.php:813)
[stacktrace]
#0 /var/www/laravel01/laravel10project/vendor/laravel/framework/src/Illuminate/Database/Connection.php(967): Illuminate\\Database\\Connection->runQueryCallback()
#1 /var/www/laravel01/laravel10project/vendor/laravel/framework/src/Illuminate/Database/Connection.php(946): Illuminate\\Database\\Connection->tryAgainIfCausedByLostConnection()
#2 /var/www/laravel01/laravel10project/vendor/laravel/framework/src/Illuminate/Database/Connection.php(769): Illuminate\\Database\\Connection->handleQueryException()
#3 /var/www/laravel01/laravel10project/vendor/laravel/framework/src/Illuminate/Database/Connection.php(398): Illuminate\\Database\\Connection->run()
#4 /var/www/laravel01/laravel10project/vendor/laravel/framework/src/Illuminate/Database/Connection.php(385): Illuminate\\Database\\Connection->select()
#5 /var/www/laravel01/laravel10project/vendor/laravel/framework/src/Illuminate/Database/Schema/MySqlBuilder.php(41): Illuminate\\Database\\Connection->selectFromWriteConnection()
#6 /var/www/laravel01/laravel10project/vendor/laravel/framework/src/Illuminate/Database/Schema/Builder.php(147): Illuminate\\Database\\Schema\\MySqlBuilder->getTables()
#7 /var/www/laravel01/laravel10project/vendor/laravel/framework/src/Illuminate/Database/Migrations/DatabaseMigrationRepository.php(184): Illuminate\\Database\\Schema\\Builder->hasTable()
#8 /var/www/laravel01/laravel10project/vendor/laravel/framework/src/Illuminate/Database/Migrations/Migrator.php(689): Illuminate\\Database\\Migrations\\DatabaseMigrationRepository->repositoryExists()
#9 /var/www/laravel01/laravel10project/vendor/laravel/framework/src/Illuminate/Database/Console/Migrations/MigrateCommand.php(164): Illuminate\\Database\\Migrations\\Migrator->repositoryExists()
#10 /var/www/laravel01/laravel10project/vendor/laravel/framework/src/Illuminate/Support/helpers.php(304): Illuminate\\Database\\Console\\Migrations\\MigrateCommand->Illuminate\\Database\\Console\\Migrations\\{closure}()
#11 /var/www/laravel01/laravel10project/vendor/laravel/framework/src/Illuminate/Database/Console/Migrations/MigrateCommand.php(164): retry()
#12 /var/www/laravel01/laravel10project/vendor/laravel/framework/src/Illuminate/Database/Console/Migrations/MigrateCommand.php(140): Illuminate\\Database\\Console\\Migrations\\MigrateCommand->repositoryExists()
#13 /var/www/laravel01/laravel10project/vendor/laravel/framework/src/Illuminate/Database/Console/Migrations/MigrateCommand.php(110): Illuminate\\Database\\Console\\Migrations\\MigrateCommand->prepareDatabase()
#14 /var/www/laravel01/laravel10project/vendor/laravel/framework/src/Illuminate/Database/Migrations/Migrator.php(622): Illuminate\\Database\\Console\\Migrations\\MigrateCommand->Illuminate\\Database\\Console\\Migrations\\{closure}()
#15 /var/www/laravel01/laravel10project/vendor/laravel/framework/src/Illuminate/Database/Console/Migrations/MigrateCommand.php(109): Illuminate\\Database\\Migrations\\Migrator->usingConnection()
#16 /var/www/laravel01/laravel10project/vendor/laravel/framework/src/Illuminate/Database/Console/Migrations/MigrateCommand.php(88): Illuminate\\Database\\Console\\Migrations\\MigrateCommand->runMigrations()
#17 /var/www/laravel01/laravel10project/vendor/laravel/framework/src/Illuminate/Container/BoundMethod.php(36): Illuminate\\Database\\Console\\Migrations\\MigrateCommand->handle()
#18 /var/www/laravel01/laravel10project/vendor/laravel/framework/src/Illuminate/Container/Util.php(41): Illuminate\\Container\\BoundMethod::Illuminate\\Container\\{closure}()
#19 /var/www/laravel01/laravel10project/vendor/laravel/framework/src/Illuminate/Container/BoundMethod.php(93): Illuminate\\Container\\Util::unwrapIfClosure()
#20 /var/www/laravel01/laravel10project/vendor/laravel/framework/src/Illuminate/Container/BoundMethod.php(35): Illuminate\\Container\\BoundMethod::callBoundMethod()
#21 /var/www/laravel01/laravel10project/vendor/laravel/framework/src/Illuminate/Container/Container.php(662): Illuminate\\Container\\BoundMethod::call()
#22 /var/www/laravel01/laravel10project/vendor/laravel/framework/src/Illuminate/Console/Command.php(212): Illuminate\\Container\\Container->call()
#23 /var/www/laravel01/laravel10project/vendor/symfony/console/Command/Command.php(279): Illuminate\\Console\\Command->execute()
#24 /var/www/laravel01/laravel10project/vendor/laravel/framework/src/Illuminate/Console/Command.php(181): Symfony\\Component\\Console\\Command\\Command->run()
#25 /var/www/laravel01/laravel10project/vendor/symfony/console/Application.php(1049): Illuminate\\Console\\Command->run()
#26 /var/www/laravel01/laravel10project/vendor/symfony/console/Application.php(318): Symfony\\Component\\Console\\Application->doRunCommand()
#27 /var/www/laravel01/laravel10project/vendor/symfony/console/Application.php(169): Symfony\\Component\\Console\\Application->doRun()
#28 /var/www/laravel01/laravel10project/vendor/laravel/framework/src/Illuminate/Foundation/Console/Kernel.php(196): Symfony\\Component\\Console\\Application->run()
#29 /var/www/laravel01/laravel10project/vendor/laravel/framework/src/Illuminate/Foundation/Application.php(1187): Illuminate\\Foundation\\Console\\Kernel->handle()
#30 /var/www/laravel01/laravel10project/artisan(13): Illuminate\\Foundation\\Application->handleCommand()
#31 {main}

[previous exception] [object] (PDOException(code: 2002): SQLSTATE[HY000] [2002] Connection refused at /var/www/laravel01/laravel10project/vendor/laravel/framework/src/Illuminate/Database/Connectors/Connector.php:65)
[stacktrace]
#0 /var/www/laravel01/laravel10project/vendor/laravel/framework/src/Illuminate/Database/Connectors/Connector.php(65): PDO->__construct()
#1 /var/www/laravel01/laravel10project/vendor/laravel/framework/src/Illuminate/Database/Connectors/Connector.php(83): Illuminate\\Database\\Connectors\\Connector->createPdoConnection()
#2 /var/www/laravel01/laravel10project/vendor/laravel/framework/src/Illuminate/Database/Connectors/Connector.php(48): Illuminate\\Database\\Connectors\\Connector->tryAgainIfCausedByLostConnection()
#3 /var/www/laravel01/laravel10project/vendor/laravel/framework/src/Illuminate/Database/Connectors/MySqlConnector.php(24): Illuminate\\Database\\Connectors\\Connector->createConnection()
#4 /var/www/laravel01/laravel10project/vendor/laravel/framework/src/Illuminate/Database/Connectors/ConnectionFactory.php(185): Illuminate\\Database\\Connectors\\MySqlConnector->connect()
#5 [internal function]: Illuminate\\Database\\Connectors\\ConnectionFactory->Illuminate\\Database\\Connectors\\{closure}()
#6 /var/www/laravel01/laravel10project/vendor/laravel/framework/src/Illuminate/Database/Connection.php(1219): call_user_func()
#7 /var/www/laravel01/laravel10project/vendor/laravel/framework/src/Illuminate/Database/Connection.php(512): Illuminate\\Database\\Connection->getPdo()
#8 /var/www/laravel01/laravel10project/vendor/laravel/framework/src/Illuminate/Database/Connection.php(407): Illuminate\\Database\\Connection->getPdoForSelect()
#9 /var/www/laravel01/laravel10project/vendor/laravel/framework/src/Illuminate/Database/Connection.php(800): Illuminate\\Database\\Connection->Illuminate\\Database\\{closure}()
#10 /var/www/laravel01/laravel10project/vendor/laravel/framework/src/Illuminate/Database/Connection.php(967): Illuminate\\Database\\Connection->runQueryCallback()
#11 /var/www/laravel01/laravel10project/vendor/laravel/framework/src/Illuminate/Database/Connection.php(946): Illuminate\\Database\\Connection->tryAgainIfCausedByLostConnection()
#12 /var/www/laravel01/laravel10project/vendor/laravel/framework/src/Illuminate/Database/Connection.php(769): Illuminate\\Database\\Connection->handleQueryException()
#13 /var/www/laravel01/laravel10project/vendor/laravel/framework/src/Illuminate/Database/Connection.php(398): Illuminate\\Database\\Connection->run()
#14 /var/www/laravel01/laravel10project/vendor/laravel/framework/src/Illuminate/Database/Connection.php(385): Illuminate\\Database\\Connection->select()
#15 /var/www/laravel01/laravel10project/vendor/laravel/framework/src/Illuminate/Database/Schema/MySqlBuilder.php(41): Illuminate\\Database\\Connection->selectFromWriteConnection()
#16 /var/www/laravel01/laravel10project/vendor/laravel/framework/src/Illuminate/Database/Schema/Builder.php(147): Illuminate\\Database\\Schema\\MySqlBuilder->getTables()
#17 /var/www/laravel01/laravel10project/vendor/laravel/framework/src/Illuminate/Database/Migrations/DatabaseMigrationRepository.php(184): Illuminate\\Database\\Schema\\Builder->hasTable()
#18 /var/www/laravel01/laravel10project/vendor/laravel/framework/src/Illuminate/Database/Migrations/Migrator.php(689): Illuminate\\Database\\Migrations\\DatabaseMigrationRepository->repositoryExists()
#19 /var/www/laravel01/laravel10project/vendor/laravel/framework/src/Illuminate/Database/Console/Migrations/MigrateCommand.php(164): Illuminate\\Database\\Migrations\\Migrator->repositoryExists()
#20 /var/www/laravel01/laravel10project/vendor/laravel/framework/src/Illuminate/Support/helpers.php(304): Illuminate\\Database\\Console\\Migrations\\MigrateCommand->Illuminate\\Database\\Console\\Migrations\\{closure}()
#21 /var/www/laravel01/laravel10project/vendor/laravel/framework/src/Illuminate/Database/Console/Migrations/MigrateCommand.php(164): retry()
#22 /var/www/laravel01/laravel10project/vendor/laravel/framework/src/Illuminate/Database/Console/Migrations/MigrateCommand.php(140): Illuminate\\Database\\Console\\Migrations\\MigrateCommand->repositoryExists()
#23 /var/www/laravel01/laravel10project/vendor/laravel/framework/src/Illuminate/Database/Console/Migrations/MigrateCommand.php(110): Illuminate\\Database\\Console\\Migrations\\MigrateCommand->prepareDatabase()
#24 /var/www/laravel01/laravel10project/vendor/laravel/framework/src/Illuminate/Database/Migrations/Migrator.php(622): Illuminate\\Database\\Console\\Migrations\\MigrateCommand->Illuminate\\Database\\Console\\Migrations\\{closure}()
#25 /var/www/laravel01/laravel10project/vendor/laravel/framework/src/Illuminate/Database/Console/Migrations/MigrateCommand.php(109): Illuminate\\Database\\Migrations\\Migrator->usingConnection()
#26 /var/www/laravel01/laravel10project/vendor/laravel/framework/src/Illuminate/Database/Console/Migrations/MigrateCommand.php(88): Illuminate\\Database\\Console\\Migrations\\MigrateCommand->runMigrations()
#27 /var/www/laravel01/laravel10project/vendor/laravel/framework/src/Illuminate/Container/BoundMethod.php(36): Illuminate\\Database\\Console\\Migrations\\MigrateCommand->handle()
#28 /var/www/laravel01/laravel10project/vendor/laravel/framework/src/Illuminate/Container/Util.php(41): Illuminate\\Container\\BoundMethod::Illuminate\\Container\\{closure}()
#29 /var/www/laravel01/laravel10project/vendor/laravel/framework/src/Illuminate/Container/BoundMethod.php(93): Illuminate\\Container\\Util::unwrapIfClosure()
#30 /var/www/laravel01/laravel10project/vendor/laravel/framework/src/Illuminate/Container/BoundMethod.php(35): Illuminate\\Container\\BoundMethod::callBoundMethod()
#31 /var/www/laravel01/laravel10project/vendor/laravel/framework/src/Illuminate/Container/Container.php(662): Illuminate\\Container\\BoundMethod::call()
#32 /var/www/laravel01/laravel10project/vendor/laravel/framework/src/Illuminate/Console/Command.php(212): Illuminate\\Container\\Container->call()
#33 /var/www/laravel01/laravel10project/vendor/symfony/console/Command/Command.php(279): Illuminate\\Console\\Command->execute()
#34 /var/www/laravel01/laravel10project/vendor/laravel/framework/src/Illuminate/Console/Command.php(181): Symfony\\Component\\Console\\Command\\Command->run()
#35 /var/www/laravel01/laravel10project/vendor/symfony/console/Application.php(1049): Illuminate\\Console\\Command->run()
#36 /var/www/laravel01/laravel10project/vendor/symfony/console/Application.php(318): Symfony\\Component\\Console\\Application->doRunCommand()
#37 /var/www/laravel01/laravel10project/vendor/symfony/console/Application.php(169): Symfony\\Component\\Console\\Application->doRun()
#38 /var/www/laravel01/laravel10project/vendor/laravel/framework/src/Illuminate/Foundation/Console/Kernel.php(196): Symfony\\Component\\Console\\Application->run()
#39 /var/www/laravel01/laravel10project/vendor/laravel/framework/src/Illuminate/Foundation/Application.php(1187): Illuminate\\Foundation\\Console\\Kernel->handle()
#40 /var/www/laravel01/laravel10project/artisan(13): Illuminate\\Foundation\\Application->handleCommand()
#41 {main}
"} 
[2024-05-19 07:49:42] local.ERROR: SQLSTATE[HY000] [2002] Connection refused (Connection: mysql, SQL: select table_name as `name`, (data_length + index_length) as `size`, table_comment as `comment`, engine as `engine`, table_collation as `collation` from information_schema.tables where table_schema = 'laravel' and table_type in ('BASE TABLE', 'SYSTEM VERSIONED') order by table_name) {"exception":"[object] (Illuminate\\Database\\QueryException(code: 2002): SQLSTATE[HY000] [2002] Connection refused (Connection: mysql, SQL: select table_name as `name`, (data_length + index_length) as `size`, table_comment as `comment`, engine as `engine`, table_collation as `collation` from information_schema.tables where table_schema = 'laravel' and table_type in ('BASE TABLE', 'SYSTEM VERSIONED') order by table_name) at /var/www/laravel01/laravel10project/vendor/laravel/framework/src/Illuminate/Database/Connection.php:813)
[stacktrace]
#0 /var/www/laravel01/laravel10project/vendor/laravel/framework/src/Illuminate/Database/Connection.php(967): Illuminate\\Database\\Connection->runQueryCallback()
#1 /var/www/laravel01/laravel10project/vendor/laravel/framework/src/Illuminate/Database/Connection.php(946): Illuminate\\Database\\Connection->tryAgainIfCausedByLostConnection()
#2 /var/www/laravel01/laravel10project/vendor/laravel/framework/src/Illuminate/Database/Connection.php(769): Illuminate\\Database\\Connection->handleQueryException()
#3 /var/www/laravel01/laravel10project/vendor/laravel/framework/src/Illuminate/Database/Connection.php(398): Illuminate\\Database\\Connection->run()
#4 /var/www/laravel01/laravel10project/vendor/laravel/framework/src/Illuminate/Database/Connection.php(385): Illuminate\\Database\\Connection->select()
#5 /var/www/laravel01/laravel10project/vendor/laravel/framework/src/Illuminate/Database/Schema/MySqlBuilder.php(41): Illuminate\\Database\\Connection->selectFromWriteConnection()
#6 /var/www/laravel01/laravel10project/vendor/laravel/framework/src/Illuminate/Database/Schema/Builder.php(147): Illuminate\\Database\\Schema\\MySqlBuilder->getTables()
#7 /var/www/laravel01/laravel10project/vendor/laravel/framework/src/Illuminate/Database/Migrations/DatabaseMigrationRepository.php(184): Illuminate\\Database\\Schema\\Builder->hasTable()
#8 /var/www/laravel01/laravel10project/vendor/laravel/framework/src/Illuminate/Database/Migrations/Migrator.php(689): Illuminate\\Database\\Migrations\\DatabaseMigrationRepository->repositoryExists()
#9 /var/www/laravel01/laravel10project/vendor/laravel/framework/src/Illuminate/Database/Console/Migrations/MigrateCommand.php(164): Illuminate\\Database\\Migrations\\Migrator->repositoryExists()
#10 /var/www/laravel01/laravel10project/vendor/laravel/framework/src/Illuminate/Support/helpers.php(304): Illuminate\\Database\\Console\\Migrations\\MigrateCommand->Illuminate\\Database\\Console\\Migrations\\{closure}()
#11 /var/www/laravel01/laravel10project/vendor/laravel/framework/src/Illuminate/Database/Console/Migrations/MigrateCommand.php(164): retry()
#12 /var/www/laravel01/laravel10project/vendor/laravel/framework/src/Illuminate/Database/Console/Migrations/MigrateCommand.php(140): Illuminate\\Database\\Console\\Migrations\\MigrateCommand->repositoryExists()
#13 /var/www/laravel01/laravel10project/vendor/laravel/framework/src/Illuminate/Database/Console/Migrations/MigrateCommand.php(110): Illuminate\\Database\\Console\\Migrations\\MigrateCommand->prepareDatabase()
#14 /var/www/laravel01/laravel10project/vendor/laravel/framework/src/Illuminate/Database/Migrations/Migrator.php(622): Illuminate\\Database\\Console\\Migrations\\MigrateCommand->Illuminate\\Database\\Console\\Migrations\\{closure}()
#15 /var/www/laravel01/laravel10project/vendor/laravel/framework/src/Illuminate/Database/Console/Migrations/MigrateCommand.php(109): Illuminate\\Database\\Migrations\\Migrator->usingConnection()
#16 /var/www/laravel01/laravel10project/vendor/laravel/framework/src/Illuminate/Database/Console/Migrations/MigrateCommand.php(88): Illuminate\\Database\\Console\\Migrations\\MigrateCommand->runMigrations()
#17 /var/www/laravel01/laravel10project/vendor/laravel/framework/src/Illuminate/Container/BoundMethod.php(36): Illuminate\\Database\\Console\\Migrations\\MigrateCommand->handle()
#18 /var/www/laravel01/laravel10project/vendor/laravel/framework/src/Illuminate/Container/Util.php(41): Illuminate\\Container\\BoundMethod::Illuminate\\Container\\{closure}()
#19 /var/www/laravel01/laravel10project/vendor/laravel/framework/src/Illuminate/Container/BoundMethod.php(93): Illuminate\\Container\\Util::unwrapIfClosure()
#20 /var/www/laravel01/laravel10project/vendor/laravel/framework/src/Illuminate/Container/BoundMethod.php(35): Illuminate\\Container\\BoundMethod::callBoundMethod()
#21 /var/www/laravel01/laravel10project/vendor/laravel/framework/src/Illuminate/Container/Container.php(662): Illuminate\\Container\\BoundMethod::call()
#22 /var/www/laravel01/laravel10project/vendor/laravel/framework/src/Illuminate/Console/Command.php(212): Illuminate\\Container\\Container->call()
#23 /var/www/laravel01/laravel10project/vendor/symfony/console/Command/Command.php(279): Illuminate\\Console\\Command->execute()
#24 /var/www/laravel01/laravel10project/vendor/laravel/framework/src/Illuminate/Console/Command.php(181): Symfony\\Component\\Console\\Command\\Command->run()
#25 /var/www/laravel01/laravel10project/vendor/symfony/console/Application.php(1049): Illuminate\\Console\\Command->run()
#26 /var/www/laravel01/laravel10project/vendor/symfony/console/Application.php(318): Symfony\\Component\\Console\\Application->doRunCommand()
#27 /var/www/laravel01/laravel10project/vendor/symfony/console/Application.php(169): Symfony\\Component\\Console\\Application->doRun()
#28 /var/www/laravel01/laravel10project/vendor/laravel/framework/src/Illuminate/Foundation/Console/Kernel.php(196): Symfony\\Component\\Console\\Application->run()
#29 /var/www/laravel01/laravel10project/vendor/laravel/framework/src/Illuminate/Foundation/Application.php(1187): Illuminate\\Foundation\\Console\\Kernel->handle()
#30 /var/www/laravel01/laravel10project/artisan(13): Illuminate\\Foundation\\Application->handleCommand()
#31 {main}

[previous exception] [object] (PDOException(code: 2002): SQLSTATE[HY000] [2002] Connection refused at /var/www/laravel01/laravel10project/vendor/laravel/framework/src/Illuminate/Database/Connectors/Connector.php:65)
[stacktrace]
#0 /var/www/laravel01/laravel10project/vendor/laravel/framework/src/Illuminate/Database/Connectors/Connector.php(65): PDO->__construct()
#1 /var/www/laravel01/laravel10project/vendor/laravel/framework/src/Illuminate/Database/Connectors/Connector.php(83): Illuminate\\Database\\Connectors\\Connector->createPdoConnection()
#2 /var/www/laravel01/laravel10project/vendor/laravel/framework/src/Illuminate/Database/Connectors/Connector.php(48): Illuminate\\Database\\Connectors\\Connector->tryAgainIfCausedByLostConnection()
#3 /var/www/laravel01/laravel10project/vendor/laravel/framework/src/Illuminate/Database/Connectors/MySqlConnector.php(24): Illuminate\\Database\\Connectors\\Connector->createConnection()
#4 /var/www/laravel01/laravel10project/vendor/laravel/framework/src/Illuminate/Database/Connectors/ConnectionFactory.php(185): Illuminate\\Database\\Connectors\\MySqlConnector->connect()
#5 [internal function]: Illuminate\\Database\\Connectors\\ConnectionFactory->Illuminate\\Database\\Connectors\\{closure}()
#6 /var/www/laravel01/laravel10project/vendor/laravel/framework/src/Illuminate/Database/Connection.php(1219): call_user_func()
#7 /var/www/laravel01/laravel10project/vendor/laravel/framework/src/Illuminate/Database/Connection.php(512): Illuminate\\Database\\Connection->getPdo()
#8 /var/www/laravel01/laravel10project/vendor/laravel/framework/src/Illuminate/Database/Connection.php(407): Illuminate\\Database\\Connection->getPdoForSelect()
#9 /var/www/laravel01/laravel10project/vendor/laravel/framework/src/Illuminate/Database/Connection.php(800): Illuminate\\Database\\Connection->Illuminate\\Database\\{closure}()
#10 /var/www/laravel01/laravel10project/vendor/laravel/framework/src/Illuminate/Database/Connection.php(967): Illuminate\\Database\\Connection->runQueryCallback()
#11 /var/www/laravel01/laravel10project/vendor/laravel/framework/src/Illuminate/Database/Connection.php(946): Illuminate\\Database\\Connection->tryAgainIfCausedByLostConnection()
#12 /var/www/laravel01/laravel10project/vendor/laravel/framework/src/Illuminate/Database/Connection.php(769): Illuminate\\Database\\Connection->handleQueryException()
#13 /var/www/laravel01/laravel10project/vendor/laravel/framework/src/Illuminate/Database/Connection.php(398): Illuminate\\Database\\Connection->run()
#14 /var/www/laravel01/laravel10project/vendor/laravel/framework/src/Illuminate/Database/Connection.php(385): Illuminate\\Database\\Connection->select()
#15 /var/www/laravel01/laravel10project/vendor/laravel/framework/src/Illuminate/Database/Schema/MySqlBuilder.php(41): Illuminate\\Database\\Connection->selectFromWriteConnection()
#16 /var/www/laravel01/laravel10project/vendor/laravel/framework/src/Illuminate/Database/Schema/Builder.php(147): Illuminate\\Database\\Schema\\MySqlBuilder->getTables()
#17 /var/www/laravel01/laravel10project/vendor/laravel/framework/src/Illuminate/Database/Migrations/DatabaseMigrationRepository.php(184): Illuminate\\Database\\Schema\\Builder->hasTable()
#18 /var/www/laravel01/laravel10project/vendor/laravel/framework/src/Illuminate/Database/Migrations/Migrator.php(689): Illuminate\\Database\\Migrations\\DatabaseMigrationRepository->repositoryExists()
#19 /var/www/laravel01/laravel10project/vendor/laravel/framework/src/Illuminate/Database/Console/Migrations/MigrateCommand.php(164): Illuminate\\Database\\Migrations\\Migrator->repositoryExists()
#20 /var/www/laravel01/laravel10project/vendor/laravel/framework/src/Illuminate/Support/helpers.php(304): Illuminate\\Database\\Console\\Migrations\\MigrateCommand->Illuminate\\Database\\Console\\Migrations\\{closure}()
#21 /var/www/laravel01/laravel10project/vendor/laravel/framework/src/Illuminate/Database/Console/Migrations/MigrateCommand.php(164): retry()
#22 /var/www/laravel01/laravel10project/vendor/laravel/framework/src/Illuminate/Database/Console/Migrations/MigrateCommand.php(140): Illuminate\\Database\\Console\\Migrations\\MigrateCommand->repositoryExists()
#23 /var/www/laravel01/laravel10project/vendor/laravel/framework/src/Illuminate/Database/Console/Migrations/MigrateCommand.php(110): Illuminate\\Database\\Console\\Migrations\\MigrateCommand->prepareDatabase()
#24 /var/www/laravel01/laravel10project/vendor/laravel/framework/src/Illuminate/Database/Migrations/Migrator.php(622): Illuminate\\Database\\Console\\Migrations\\MigrateCommand->Illuminate\\Database\\Console\\Migrations\\{closure}()
#25 /var/www/laravel01/laravel10project/vendor/laravel/framework/src/Illuminate/Database/Console/Migrations/MigrateCommand.php(109): Illuminate\\Database\\Migrations\\Migrator->usingConnection()
#26 /var/www/laravel01/laravel10project/vendor/laravel/framework/src/Illuminate/Database/Console/Migrations/MigrateCommand.php(88): Illuminate\\Database\\Console\\Migrations\\MigrateCommand->runMigrations()
#27 /var/www/laravel01/laravel10project/vendor/laravel/framework/src/Illuminate/Container/BoundMethod.php(36): Illuminate\\Database\\Console\\Migrations\\MigrateCommand->handle()
#28 /var/www/laravel01/laravel10project/vendor/laravel/framework/src/Illuminate/Container/Util.php(41): Illuminate\\Container\\BoundMethod::Illuminate\\Container\\{closure}()
#29 /var/www/laravel01/laravel10project/vendor/laravel/framework/src/Illuminate/Container/BoundMethod.php(93): Illuminate\\Container\\Util::unwrapIfClosure()
#30 /var/www/laravel01/laravel10project/vendor/laravel/framework/src/Illuminate/Container/BoundMethod.php(35): Illuminate\\Container\\BoundMethod::callBoundMethod()
#31 /var/www/laravel01/laravel10project/vendor/laravel/framework/src/Illuminate/Container/Container.php(662): Illuminate\\Container\\BoundMethod::call()
#32 /var/www/laravel01/laravel10project/vendor/laravel/framework/src/Illuminate/Console/Command.php(212): Illuminate\\Container\\Container->call()
#33 /var/www/laravel01/laravel10project/vendor/symfony/console/Command/Command.php(279): Illuminate\\Console\\Command->execute()
#34 /var/www/laravel01/laravel10project/vendor/laravel/framework/src/Illuminate/Console/Command.php(181): Symfony\\Component\\Console\\Command\\Command->run()
#35 /var/www/laravel01/laravel10project/vendor/symfony/console/Application.php(1049): Illuminate\\Console\\Command->run()
#36 /var/www/laravel01/laravel10project/vendor/symfony/console/Application.php(318): Symfony\\Component\\Console\\Application->doRunCommand()
#37 /var/www/laravel01/laravel10project/vendor/symfony/console/Application.php(169): Symfony\\Component\\Console\\Application->doRun()
#38 /var/www/laravel01/laravel10project/vendor/laravel/framework/src/Illuminate/Foundation/Console/Kernel.php(196): Symfony\\Component\\Console\\Application->run()
#39 /var/www/laravel01/laravel10project/vendor/laravel/framework/src/Illuminate/Foundation/Application.php(1187): Illuminate\\Foundation\\Console\\Kernel->handle()
#40 /var/www/laravel01/laravel10project/artisan(13): Illuminate\\Foundation\\Application->handleCommand()
#41 {main}
"} 
